2012-01-19 18:58:50 Error: [PDOException] SQLSTATE[42S22]: Column not found: 1054 Unknown column 'User.name' in 'field list'
#0 C:\wamp\cake\lib\Cake\Model\Datasource\DboSource.php(436): PDOStatement->execute(Array)
#1 C:\wamp\cake\lib\Cake\Model\Datasource\DboSource.php(403): DboSource->_execute('SELECT `User`.`...', Array)
#2 C:\wamp\cake\lib\Cake\Model\Datasource\DboSource.php(647): DboSource->execute('SELECT `User`.`...', Array, Array)
#3 C:\wamp\cake\lib\Cake\Model\Datasource\DboSource.php(1040): DboSource->fetchAll('SELECT `User`.`...', false)
#4 C:\wamp\cake\lib\Cake\Model\Model.php(2460): DboSource->read(Object(User), Array)
#5 C:\wamp\www\snippet\Controller\SnippetsController.php(51): Model->find('list')
#6 [internal function]: SnippetsController->add()
#7 C:\wamp\cake\lib\Cake\Controller\Controller.php(473): ReflectionMethod->invokeArgs(Object(SnippetsController), Array)
#8 C:\wamp\cake\lib\Cake\Routing\Dispatcher.php(107): Controller->invokeAction(Object(CakeRequest))
#9 C:\wamp\cake\lib\Cake\Routing\Dispatcher.php(89): Dispatcher->_invoke(Object(SnippetsController), Object(CakeRequest), Object(CakeResponse))
#10 C:\wamp\www\snippet\webroot\index.php(96): Dispatcher->dispatch(Object(CakeRequest), Object(CakeResponse))
#11 {main}
2012-01-19 19:00:15 Error: [PDOException] SQLSTATE[42S22]: Column not found: 1054 Unknown column 'User.name' in 'field list'
#0 C:\wamp\cake\lib\Cake\Model\Datasource\DboSource.php(436): PDOStatement->execute(Array)
#1 C:\wamp\cake\lib\Cake\Model\Datasource\DboSource.php(403): DboSource->_execute('SELECT `User`.`...', Array)
#2 C:\wamp\cake\lib\Cake\Model\Datasource\DboSource.php(647): DboSource->execute('SELECT `User`.`...', Array, Array)
#3 C:\wamp\cake\lib\Cake\Model\Datasource\DboSource.php(1040): DboSource->fetchAll('SELECT `User`.`...', false)
#4 C:\wamp\cake\lib\Cake\Model\Model.php(2460): DboSource->read(Object(User), Array)
#5 C:\wamp\www\snippet\Controller\SnippetsController.php(51): Model->find('list')
#6 [internal function]: SnippetsController->add()
#7 C:\wamp\cake\lib\Cake\Controller\Controller.php(473): ReflectionMethod->invokeArgs(Object(SnippetsController), Array)
#8 C:\wamp\cake\lib\Cake\Routing\Dispatcher.php(107): Controller->invokeAction(Object(CakeRequest))
#9 C:\wamp\cake\lib\Cake\Routing\Dispatcher.php(89): Dispatcher->_invoke(Object(SnippetsController), Object(CakeRequest), Object(CakeResponse))
#10 C:\wamp\www\snippet\webroot\index.php(96): Dispatcher->dispatch(Object(CakeRequest), Object(CakeResponse))
#11 {main}
2012-01-19 19:03:01 Error: [PDOException] SQLSTATE[42S22]: Column not found: 1054 Unknown column 'User.name' in 'field list'
#0 C:\wamp\cake\lib\Cake\Model\Datasource\DboSource.php(436): PDOStatement->execute(Array)
#1 C:\wamp\cake\lib\Cake\Model\Datasource\DboSource.php(403): DboSource->_execute('SELECT `User`.`...', Array)
#2 C:\wamp\cake\lib\Cake\Model\Datasource\DboSource.php(647): DboSource->execute('SELECT `User`.`...', Array, Array)
#3 C:\wamp\cake\lib\Cake\Model\Datasource\DboSource.php(1040): DboSource->fetchAll('SELECT `User`.`...', false)
#4 C:\wamp\cake\lib\Cake\Model\Model.php(2460): DboSource->read(Object(User), Array)
#5 C:\wamp\www\snippet\Controller\SnippetsController.php(70): Model->find('list')
#6 [internal function]: SnippetsController->add()
#7 C:\wamp\cake\lib\Cake\Controller\Controller.php(473): ReflectionMethod->invokeArgs(Object(SnippetsController), Array)
#8 C:\wamp\cake\lib\Cake\Routing\Dispatcher.php(107): Controller->invokeAction(Object(CakeRequest))
#9 C:\wamp\cake\lib\Cake\Routing\Dispatcher.php(89): Dispatcher->_invoke(Object(SnippetsController), Object(CakeRequest), Object(CakeResponse))
#10 C:\wamp\www\snippet\webroot\index.php(96): Dispatcher->dispatch(Object(CakeRequest), Object(CakeResponse))
#11 {main}
2012-01-19 19:03:05 Error: [PDOException] SQLSTATE[42S22]: Column not found: 1054 Unknown column 'User.name' in 'field list'
#0 C:\wamp\cake\lib\Cake\Model\Datasource\DboSource.php(436): PDOStatement->execute(Array)
#1 C:\wamp\cake\lib\Cake\Model\Datasource\DboSource.php(403): DboSource->_execute('SELECT `User`.`...', Array)
#2 C:\wamp\cake\lib\Cake\Model\Datasource\DboSource.php(647): DboSource->execute('SELECT `User`.`...', Array, Array)
#3 C:\wamp\cake\lib\Cake\Model\Datasource\DboSource.php(1040): DboSource->fetchAll('SELECT `User`.`...', false)
#4 C:\wamp\cake\lib\Cake\Model\Model.php(2460): DboSource->read(Object(User), Array)
#5 C:\wamp\www\snippet\Controller\SnippetsController.php(70): Model->find('list')
#6 [internal function]: SnippetsController->add()
#7 C:\wamp\cake\lib\Cake\Controller\Controller.php(473): ReflectionMethod->invokeArgs(Object(SnippetsController), Array)
#8 C:\wamp\cake\lib\Cake\Routing\Dispatcher.php(107): Controller->invokeAction(Object(CakeRequest))
#9 C:\wamp\cake\lib\Cake\Routing\Dispatcher.php(89): Dispatcher->_invoke(Object(SnippetsController), Object(CakeRequest), Object(CakeResponse))
#10 C:\wamp\www\snippet\webroot\index.php(96): Dispatcher->dispatch(Object(CakeRequest), Object(CakeResponse))
#11 {main}
2012-01-19 19:03:48 Error: [PDOException] SQLSTATE[42S22]: Column not found: 1054 Unknown column 'User.name' in 'field list'
#0 C:\wamp\cake\lib\Cake\Model\Datasource\DboSource.php(436): PDOStatement->execute(Array)
#1 C:\wamp\cake\lib\Cake\Model\Datasource\DboSource.php(403): DboSource->_execute('SELECT `User`.`...', Array)
#2 C:\wamp\cake\lib\Cake\Model\Datasource\DboSource.php(647): DboSource->execute('SELECT `User`.`...', Array, Array)
#3 C:\wamp\cake\lib\Cake\Model\Datasource\DboSource.php(1040): DboSource->fetchAll('SELECT `User`.`...', false)
#4 C:\wamp\cake\lib\Cake\Model\Model.php(2460): DboSource->read(Object(User), Array)
#5 C:\wamp\www\snippet\Controller\SnippetsController.php(70): Model->find('list')
#6 [internal function]: SnippetsController->add()
#7 C:\wamp\cake\lib\Cake\Controller\Controller.php(473): ReflectionMethod->invokeArgs(Object(SnippetsController), Array)
#8 C:\wamp\cake\lib\Cake\Routing\Dispatcher.php(107): Controller->invokeAction(Object(CakeRequest))
#9 C:\wamp\cake\lib\Cake\Routing\Dispatcher.php(89): Dispatcher->_invoke(Object(SnippetsController), Object(CakeRequest), Object(CakeResponse))
#10 C:\wamp\www\snippet\webroot\index.php(96): Dispatcher->dispatch(Object(CakeRequest), Object(CakeResponse))
#11 {main}
2012-01-19 19:03:48 Error: [PDOException] SQLSTATE[42S22]: Column not found: 1054 Unknown column 'User.name' in 'field list'
#0 C:\wamp\cake\lib\Cake\Model\Datasource\DboSource.php(436): PDOStatement->execute(Array)
#1 C:\wamp\cake\lib\Cake\Model\Datasource\DboSource.php(403): DboSource->_execute('SELECT `User`.`...', Array)
#2 C:\wamp\cake\lib\Cake\Model\Datasource\DboSource.php(647): DboSource->execute('SELECT `User`.`...', Array, Array)
#3 C:\wamp\cake\lib\Cake\Model\Datasource\DboSource.php(1040): DboSource->fetchAll('SELECT `User`.`...', false)
#4 C:\wamp\cake\lib\Cake\Model\Model.php(2460): DboSource->read(Object(User), Array)
#5 C:\wamp\www\snippet\Controller\SnippetsController.php(70): Model->find('list')
#6 [internal function]: SnippetsController->add()
#7 C:\wamp\cake\lib\Cake\Controller\Controller.php(473): ReflectionMethod->invokeArgs(Object(SnippetsController), Array)
#8 C:\wamp\cake\lib\Cake\Routing\Dispatcher.php(107): Controller->invokeAction(Object(CakeRequest))
#9 C:\wamp\cake\lib\Cake\Routing\Dispatcher.php(89): Dispatcher->_invoke(Object(SnippetsController), Object(CakeRequest), Object(CakeResponse))
#10 C:\wamp\www\snippet\webroot\index.php(96): Dispatcher->dispatch(Object(CakeRequest), Object(CakeResponse))
#11 {main}
2012-01-19 19:03:48 Error: [PDOException] SQLSTATE[42S22]: Column not found: 1054 Unknown column 'User.name' in 'field list'
#0 C:\wamp\cake\lib\Cake\Model\Datasource\DboSource.php(436): PDOStatement->execute(Array)
#1 C:\wamp\cake\lib\Cake\Model\Datasource\DboSource.php(403): DboSource->_execute('SELECT `User`.`...', Array)
#2 C:\wamp\cake\lib\Cake\Model\Datasource\DboSource.php(647): DboSource->execute('SELECT `User`.`...', Array, Array)
#3 C:\wamp\cake\lib\Cake\Model\Datasource\DboSource.php(1040): DboSource->fetchAll('SELECT `User`.`...', false)
#4 C:\wamp\cake\lib\Cake\Model\Model.php(2460): DboSource->read(Object(User), Array)
#5 C:\wamp\www\snippet\Controller\SnippetsController.php(70): Model->find('list')
#6 [internal function]: SnippetsController->add()
#7 C:\wamp\cake\lib\Cake\Controller\Controller.php(473): ReflectionMethod->invokeArgs(Object(SnippetsController), Array)
#8 C:\wamp\cake\lib\Cake\Routing\Dispatcher.php(107): Controller->invokeAction(Object(CakeRequest))
#9 C:\wamp\cake\lib\Cake\Routing\Dispatcher.php(89): Dispatcher->_invoke(Object(SnippetsController), Object(CakeRequest), Object(CakeResponse))
#10 C:\wamp\www\snippet\webroot\index.php(96): Dispatcher->dispatch(Object(CakeRequest), Object(CakeResponse))
#11 {main}
2012-01-19 19:03:48 Error: [PDOException] SQLSTATE[42S22]: Column not found: 1054 Unknown column 'User.name' in 'field list'
#0 C:\wamp\cake\lib\Cake\Model\Datasource\DboSource.php(436): PDOStatement->execute(Array)
#1 C:\wamp\cake\lib\Cake\Model\Datasource\DboSource.php(403): DboSource->_execute('SELECT `User`.`...', Array)
#2 C:\wamp\cake\lib\Cake\Model\Datasource\DboSource.php(647): DboSource->execute('SELECT `User`.`...', Array, Array)
#3 C:\wamp\cake\lib\Cake\Model\Datasource\DboSource.php(1040): DboSource->fetchAll('SELECT `User`.`...', false)
#4 C:\wamp\cake\lib\Cake\Model\Model.php(2460): DboSource->read(Object(User), Array)
#5 C:\wamp\www\snippet\Controller\SnippetsController.php(70): Model->find('list')
#6 [internal function]: SnippetsController->add()
#7 C:\wamp\cake\lib\Cake\Controller\Controller.php(473): ReflectionMethod->invokeArgs(Object(SnippetsController), Array)
#8 C:\wamp\cake\lib\Cake\Routing\Dispatcher.php(107): Controller->invokeAction(Object(CakeRequest))
#9 C:\wamp\cake\lib\Cake\Routing\Dispatcher.php(89): Dispatcher->_invoke(Object(SnippetsController), Object(CakeRequest), Object(CakeResponse))
#10 C:\wamp\www\snippet\webroot\index.php(96): Dispatcher->dispatch(Object(CakeRequest), Object(CakeResponse))
#11 {main}
2012-01-19 19:03:48 Error: [PDOException] SQLSTATE[42S22]: Column not found: 1054 Unknown column 'User.name' in 'field list'
#0 C:\wamp\cake\lib\Cake\Model\Datasource\DboSource.php(436): PDOStatement->execute(Array)
#1 C:\wamp\cake\lib\Cake\Model\Datasource\DboSource.php(403): DboSource->_execute('SELECT `User`.`...', Array)
#2 C:\wamp\cake\lib\Cake\Model\Datasource\DboSource.php(647): DboSource->execute('SELECT `User`.`...', Array, Array)
#3 C:\wamp\cake\lib\Cake\Model\Datasource\DboSource.php(1040): DboSource->fetchAll('SELECT `User`.`...', false)
#4 C:\wamp\cake\lib\Cake\Model\Model.php(2460): DboSource->read(Object(User), Array)
#5 C:\wamp\www\snippet\Controller\SnippetsController.php(70): Model->find('list')
#6 [internal function]: SnippetsController->add()
#7 C:\wamp\cake\lib\Cake\Controller\Controller.php(473): ReflectionMethod->invokeArgs(Object(SnippetsController), Array)
#8 C:\wamp\cake\lib\Cake\Routing\Dispatcher.php(107): Controller->invokeAction(Object(CakeRequest))
#9 C:\wamp\cake\lib\Cake\Routing\Dispatcher.php(89): Dispatcher->_invoke(Object(SnippetsController), Object(CakeRequest), Object(CakeResponse))
#10 C:\wamp\www\snippet\webroot\index.php(96): Dispatcher->dispatch(Object(CakeRequest), Object(CakeResponse))
#11 {main}
2012-01-19 19:03:49 Error: [PDOException] SQLSTATE[42S22]: Column not found: 1054 Unknown column 'User.name' in 'field list'
#0 C:\wamp\cake\lib\Cake\Model\Datasource\DboSource.php(436): PDOStatement->execute(Array)
#1 C:\wamp\cake\lib\Cake\Model\Datasource\DboSource.php(403): DboSource->_execute('SELECT `User`.`...', Array)
#2 C:\wamp\cake\lib\Cake\Model\Datasource\DboSource.php(647): DboSource->execute('SELECT `User`.`...', Array, Array)
#3 C:\wamp\cake\lib\Cake\Model\Datasource\DboSource.php(1040): DboSource->fetchAll('SELECT `User`.`...', false)
#4 C:\wamp\cake\lib\Cake\Model\Model.php(2460): DboSource->read(Object(User), Array)
#5 C:\wamp\www\snippet\Controller\SnippetsController.php(70): Model->find('list')
#6 [internal function]: SnippetsController->add()
#7 C:\wamp\cake\lib\Cake\Controller\Controller.php(473): ReflectionMethod->invokeArgs(Object(SnippetsController), Array)
#8 C:\wamp\cake\lib\Cake\Routing\Dispatcher.php(107): Controller->invokeAction(Object(CakeRequest))
#9 C:\wamp\cake\lib\Cake\Routing\Dispatcher.php(89): Dispatcher->_invoke(Object(SnippetsController), Object(CakeRequest), Object(CakeResponse))
#10 C:\wamp\www\snippet\webroot\index.php(96): Dispatcher->dispatch(Object(CakeRequest), Object(CakeResponse))
#11 {main}
2012-01-19 19:06:34 Error: [PDOException] SQLSTATE[42S22]: Column not found: 1054 Unknown column 'User.name' in 'field list'
#0 C:\wamp\cake\lib\Cake\Model\Datasource\DboSource.php(436): PDOStatement->execute(Array)
#1 C:\wamp\cake\lib\Cake\Model\Datasource\DboSource.php(403): DboSource->_execute('SELECT `User`.`...', Array)
#2 C:\wamp\cake\lib\Cake\Model\Datasource\DboSource.php(647): DboSource->execute('SELECT `User`.`...', Array, Array)
#3 C:\wamp\cake\lib\Cake\Model\Datasource\DboSource.php(1040): DboSource->fetchAll('SELECT `User`.`...', false)
#4 C:\wamp\cake\lib\Cake\Model\Model.php(2460): DboSource->read(Object(User), Array)
#5 C:\wamp\www\snippet\Controller\SnippetsController.php(70): Model->find('list')
#6 [internal function]: SnippetsController->add()
#7 C:\wamp\cake\lib\Cake\Controller\Controller.php(473): ReflectionMethod->invokeArgs(Object(SnippetsController), Array)
#8 C:\wamp\cake\lib\Cake\Routing\Dispatcher.php(107): Controller->invokeAction(Object(CakeRequest))
#9 C:\wamp\cake\lib\Cake\Routing\Dispatcher.php(89): Dispatcher->_invoke(Object(SnippetsController), Object(CakeRequest), Object(CakeResponse))
#10 C:\wamp\www\snippet\webroot\index.php(96): Dispatcher->dispatch(Object(CakeRequest), Object(CakeResponse))
#11 {main}
2012-01-19 19:09:36 Error: [PDOException] SQLSTATE[23000]: Integrity constraint violation: 1048 Column 'snippet_count' cannot be null
#0 C:\wamp\cake\lib\Cake\Model\Datasource\DboSource.php(436): PDOStatement->execute(Array)
#1 C:\wamp\cake\lib\Cake\Model\Datasource\DboSource.php(403): DboSource->_execute('INSERT INTO `la...', Array)
#2 C:\wamp\cake\lib\Cake\Model\Datasource\DboSource.php(967): DboSource->execute('INSERT INTO `la...')
#3 C:\wamp\cake\lib\Cake\Model\Model.php(1629): DboSource->create(Object(Language), Array, Array)
#4 C:\wamp\www\snippet\Controller\LanguagesController.php(43): Model->save(Array)
#5 [internal function]: LanguagesController->add()
#6 C:\wamp\cake\lib\Cake\Controller\Controller.php(473): ReflectionMethod->invokeArgs(Object(LanguagesController), Array)
#7 C:\wamp\cake\lib\Cake\Routing\Dispatcher.php(107): Controller->invokeAction(Object(CakeRequest))
#8 C:\wamp\cake\lib\Cake\Routing\Dispatcher.php(89): Dispatcher->_invoke(Object(LanguagesController), Object(CakeRequest), Object(CakeResponse))
#9 C:\wamp\www\snippet\webroot\index.php(96): Dispatcher->dispatch(Object(CakeRequest), Object(CakeResponse))
#10 {main}
2012-01-19 20:03:58 Error: [MissingViewException] View file "C:\wamp\www\snippet\View\User\edit.ctp" is missing.
#0 C:\wamp\cake\lib\Cake\View\View.php(363): View->_getViewFileName(NULL)
#1 C:\wamp\cake\lib\Cake\Controller\Controller.php(900): View->render(NULL, NULL)
#2 C:\wamp\cake\lib\Cake\Routing\Dispatcher.php(114): Controller->render()
#3 C:\wamp\cake\lib\Cake\Routing\Dispatcher.php(89): Dispatcher->_invoke(Object(UsersController), Object(CakeRequest), Object(CakeResponse))
#4 C:\wamp\www\snippet\webroot\index.php(96): Dispatcher->dispatch(Object(CakeRequest), Object(CakeResponse))
#5 {main}
2012-01-19 20:03:59 Error: [MissingViewException] View file "C:\wamp\www\snippet\View\User\edit.ctp" is missing.
#0 C:\wamp\cake\lib\Cake\View\View.php(363): View->_getViewFileName(NULL)
#1 C:\wamp\cake\lib\Cake\Controller\Controller.php(900): View->render(NULL, NULL)
#2 C:\wamp\cake\lib\Cake\Routing\Dispatcher.php(114): Controller->render()
#3 C:\wamp\cake\lib\Cake\Routing\Dispatcher.php(89): Dispatcher->_invoke(Object(UsersController), Object(CakeRequest), Object(CakeResponse))
#4 C:\wamp\www\snippet\webroot\index.php(96): Dispatcher->dispatch(Object(CakeRequest), Object(CakeResponse))
#5 {main}
2012-01-19 20:03:59 Error: [MissingViewException] View file "C:\wamp\www\snippet\View\User\edit.ctp" is missing.
#0 C:\wamp\cake\lib\Cake\View\View.php(363): View->_getViewFileName(NULL)
#1 C:\wamp\cake\lib\Cake\Controller\Controller.php(900): View->render(NULL, NULL)
#2 C:\wamp\cake\lib\Cake\Routing\Dispatcher.php(114): Controller->render()
#3 C:\wamp\cake\lib\Cake\Routing\Dispatcher.php(89): Dispatcher->_invoke(Object(UsersController), Object(CakeRequest), Object(CakeResponse))
#4 C:\wamp\www\snippet\webroot\index.php(96): Dispatcher->dispatch(Object(CakeRequest), Object(CakeResponse))
#5 {main}
2012-01-19 20:03:59 Error: [MissingViewException] View file "C:\wamp\www\snippet\View\User\edit.ctp" is missing.
#0 C:\wamp\cake\lib\Cake\View\View.php(363): View->_getViewFileName(NULL)
#1 C:\wamp\cake\lib\Cake\Controller\Controller.php(900): View->render(NULL, NULL)
#2 C:\wamp\cake\lib\Cake\Routing\Dispatcher.php(114): Controller->render()
#3 C:\wamp\cake\lib\Cake\Routing\Dispatcher.php(89): Dispatcher->_invoke(Object(UsersController), Object(CakeRequest), Object(CakeResponse))
#4 C:\wamp\www\snippet\webroot\index.php(96): Dispatcher->dispatch(Object(CakeRequest), Object(CakeResponse))
#5 {main}
2012-01-19 20:03:59 Error: [MissingViewException] View file "C:\wamp\www\snippet\View\User\edit.ctp" is missing.
#0 C:\wamp\cake\lib\Cake\View\View.php(363): View->_getViewFileName(NULL)
#1 C:\wamp\cake\lib\Cake\Controller\Controller.php(900): View->render(NULL, NULL)
#2 C:\wamp\cake\lib\Cake\Routing\Dispatcher.php(114): Controller->render()
#3 C:\wamp\cake\lib\Cake\Routing\Dispatcher.php(89): Dispatcher->_invoke(Object(UsersController), Object(CakeRequest), Object(CakeResponse))
#4 C:\wamp\www\snippet\webroot\index.php(96): Dispatcher->dispatch(Object(CakeRequest), Object(CakeResponse))
#5 {main}
2012-01-19 20:03:59 Error: [MissingViewException] View file "C:\wamp\www\snippet\View\User\edit.ctp" is missing.
#0 C:\wamp\cake\lib\Cake\View\View.php(363): View->_getViewFileName(NULL)
#1 C:\wamp\cake\lib\Cake\Controller\Controller.php(900): View->render(NULL, NULL)
#2 C:\wamp\cake\lib\Cake\Routing\Dispatcher.php(114): Controller->render()
#3 C:\wamp\cake\lib\Cake\Routing\Dispatcher.php(89): Dispatcher->_invoke(Object(UsersController), Object(CakeRequest), Object(CakeResponse))
#4 C:\wamp\www\snippet\webroot\index.php(96): Dispatcher->dispatch(Object(CakeRequest), Object(CakeResponse))
#5 {main}
2012-01-19 20:03:59 Error: [MissingViewException] View file "C:\wamp\www\snippet\View\User\edit.ctp" is missing.
#0 C:\wamp\cake\lib\Cake\View\View.php(363): View->_getViewFileName(NULL)
#1 C:\wamp\cake\lib\Cake\Controller\Controller.php(900): View->render(NULL, NULL)
#2 C:\wamp\cake\lib\Cake\Routing\Dispatcher.php(114): Controller->render()
#3 C:\wamp\cake\lib\Cake\Routing\Dispatcher.php(89): Dispatcher->_invoke(Object(UsersController), Object(CakeRequest), Object(CakeResponse))
#4 C:\wamp\www\snippet\webroot\index.php(96): Dispatcher->dispatch(Object(CakeRequest), Object(CakeResponse))
#5 {main}
2012-01-19 20:04:01 Error: [MissingViewException] View file "C:\wamp\www\snippet\View\User\edit.ctp" is missing.
#0 C:\wamp\cake\lib\Cake\View\View.php(363): View->_getViewFileName(NULL)
#1 C:\wamp\cake\lib\Cake\Controller\Controller.php(900): View->render(NULL, NULL)
#2 C:\wamp\cake\lib\Cake\Routing\Dispatcher.php(114): Controller->render()
#3 C:\wamp\cake\lib\Cake\Routing\Dispatcher.php(89): Dispatcher->_invoke(Object(UsersController), Object(CakeRequest), Object(CakeResponse))
#4 C:\wamp\www\snippet\webroot\index.php(96): Dispatcher->dispatch(Object(CakeRequest), Object(CakeResponse))
#5 {main}
2012-01-20 03:09:06 Error: [NotFoundException] Invalid snippet
#0 [internal function]: SnippetsController->edit()
#1 C:\wamp\cake\lib\Cake\Controller\Controller.php(473): ReflectionMethod->invokeArgs(Object(SnippetsController), Array)
#2 C:\wamp\cake\lib\Cake\Routing\Dispatcher.php(107): Controller->invokeAction(Object(CakeRequest))
#3 C:\wamp\cake\lib\Cake\Routing\Dispatcher.php(89): Dispatcher->_invoke(Object(SnippetsController), Object(CakeRequest), Object(CakeResponse))
#4 C:\wamp\www\snippet\webroot\index.php(96): Dispatcher->dispatch(Object(CakeRequest), Object(CakeResponse))
#5 {main}
2012-01-20 03:10:19 Error: [NotFoundException] Invalid snippet
#0 [internal function]: SnippetsController->edit()
#1 C:\wamp\cake\lib\Cake\Controller\Controller.php(473): ReflectionMethod->invokeArgs(Object(SnippetsController), Array)
#2 C:\wamp\cake\lib\Cake\Routing\Dispatcher.php(107): Controller->invokeAction(Object(CakeRequest))
#3 C:\wamp\cake\lib\Cake\Routing\Dispatcher.php(89): Dispatcher->_invoke(Object(SnippetsController), Object(CakeRequest), Object(CakeResponse))
#4 C:\wamp\www\snippet\webroot\index.php(96): Dispatcher->dispatch(Object(CakeRequest), Object(CakeResponse))
#5 {main}
2012-01-22 00:19:10 Error: [MethodNotAllowedException] Method Not Allowed
#0 [internal function]: SnippetsController->delete('71')
#1 C:\wamp\cake\lib\Cake\Controller\Controller.php(473): ReflectionMethod->invokeArgs(Object(SnippetsController), Array)
#2 C:\wamp\cake\lib\Cake\Routing\Dispatcher.php(107): Controller->invokeAction(Object(CakeRequest))
#3 C:\wamp\cake\lib\Cake\Routing\Dispatcher.php(89): Dispatcher->_invoke(Object(SnippetsController), Object(CakeRequest), Object(CakeResponse))
#4 C:\wamp\www\snippet\webroot\index.php(96): Dispatcher->dispatch(Object(CakeRequest), Object(CakeResponse))
#5 {main}
2012-01-23 17:16:35 Error: [NotFoundException] Invalid user
#0 [internal function]: UsersController->view('20')
#1 C:\wamp\cake\lib\Cake\Controller\Controller.php(473): ReflectionMethod->invokeArgs(Object(UsersController), Array)
#2 C:\wamp\cake\lib\Cake\Routing\Dispatcher.php(107): Controller->invokeAction(Object(CakeRequest))
#3 C:\wamp\cake\lib\Cake\Routing\Dispatcher.php(89): Dispatcher->_invoke(Object(UsersController), Object(CakeRequest), Object(CakeResponse))
#4 C:\wamp\www\snippet\webroot\index.php(96): Dispatcher->dispatch(Object(CakeRequest), Object(CakeResponse))
#5 {main}
2012-01-23 17:19:28 Error: [NotFoundException] Invalid user
#0 [internal function]: UsersController->view('20')
#1 C:\wamp\cake\lib\Cake\Controller\Controller.php(473): ReflectionMethod->invokeArgs(Object(UsersController), Array)
#2 C:\wamp\cake\lib\Cake\Routing\Dispatcher.php(107): Controller->invokeAction(Object(CakeRequest))
#3 C:\wamp\cake\lib\Cake\Routing\Dispatcher.php(89): Dispatcher->_invoke(Object(UsersController), Object(CakeRequest), Object(CakeResponse))
#4 C:\wamp\www\snippet\webroot\index.php(96): Dispatcher->dispatch(Object(CakeRequest), Object(CakeResponse))
#5 {main}
2012-01-23 17:19:32 Error: [NotFoundException] Invalid user
#0 [internal function]: UsersController->view('20')
#1 C:\wamp\cake\lib\Cake\Controller\Controller.php(473): ReflectionMethod->invokeArgs(Object(UsersController), Array)
#2 C:\wamp\cake\lib\Cake\Routing\Dispatcher.php(107): Controller->invokeAction(Object(CakeRequest))
#3 C:\wamp\cake\lib\Cake\Routing\Dispatcher.php(89): Dispatcher->_invoke(Object(UsersController), Object(CakeRequest), Object(CakeResponse))
#4 C:\wamp\www\snippet\webroot\index.php(96): Dispatcher->dispatch(Object(CakeRequest), Object(CakeResponse))
#5 {main}
2012-01-23 17:26:01 Error: [NotFoundException] Invalid user
#0 [internal function]: UsersController->view('23')
#1 C:\wamp\cake\lib\Cake\Controller\Controller.php(473): ReflectionMethod->invokeArgs(Object(UsersController), Array)
#2 C:\wamp\cake\lib\Cake\Routing\Dispatcher.php(107): Controller->invokeAction(Object(CakeRequest))
#3 C:\wamp\cake\lib\Cake\Routing\Dispatcher.php(89): Dispatcher->_invoke(Object(UsersController), Object(CakeRequest), Object(CakeResponse))
#4 C:\wamp\www\snippet\webroot\index.php(96): Dispatcher->dispatch(Object(CakeRequest), Object(CakeResponse))
#5 {main}
2012-01-23 17:28:44 Error: [NotFoundException] Invalid user
#0 [internal function]: UsersController->view('24')
#1 C:\wamp\cake\lib\Cake\Controller\Controller.php(473): ReflectionMethod->invokeArgs(Object(UsersController), Array)
#2 C:\wamp\cake\lib\Cake\Routing\Dispatcher.php(107): Controller->invokeAction(Object(CakeRequest))
#3 C:\wamp\cake\lib\Cake\Routing\Dispatcher.php(89): Dispatcher->_invoke(Object(UsersController), Object(CakeRequest), Object(CakeResponse))
#4 C:\wamp\www\snippet\webroot\index.php(96): Dispatcher->dispatch(Object(CakeRequest), Object(CakeResponse))
#5 {main}
2012-01-23 17:29:20 Error: [NotFoundException] Invalid user
#0 [internal function]: UsersController->view('24')
#1 C:\wamp\cake\lib\Cake\Controller\Controller.php(473): ReflectionMethod->invokeArgs(Object(UsersController), Array)
#2 C:\wamp\cake\lib\Cake\Routing\Dispatcher.php(107): Controller->invokeAction(Object(CakeRequest))
#3 C:\wamp\cake\lib\Cake\Routing\Dispatcher.php(89): Dispatcher->_invoke(Object(UsersController), Object(CakeRequest), Object(CakeResponse))
#4 C:\wamp\www\snippet\webroot\index.php(96): Dispatcher->dispatch(Object(CakeRequest), Object(CakeResponse))
#5 {main}
2012-01-23 17:47:49 Error: [NotFoundException] Invalid user
#0 [internal function]: UsersController->view('32')
#1 C:\wamp\cake\lib\Cake\Controller\Controller.php(473): ReflectionMethod->invokeArgs(Object(UsersController), Array)
#2 C:\wamp\cake\lib\Cake\Routing\Dispatcher.php(107): Controller->invokeAction(Object(CakeRequest))
#3 C:\wamp\cake\lib\Cake\Routing\Dispatcher.php(89): Dispatcher->_invoke(Object(UsersController), Object(CakeRequest), Object(CakeResponse))
#4 C:\wamp\www\snippet\webroot\index.php(96): Dispatcher->dispatch(Object(CakeRequest), Object(CakeResponse))
#5 {main}
2012-01-23 17:48:59 Error: [NotFoundException] Invalid user
#0 [internal function]: UsersController->view('32')
#1 C:\wamp\cake\lib\Cake\Controller\Controller.php(473): ReflectionMethod->invokeArgs(Object(UsersController), Array)
#2 C:\wamp\cake\lib\Cake\Routing\Dispatcher.php(107): Controller->invokeAction(Object(CakeRequest))
#3 C:\wamp\cake\lib\Cake\Routing\Dispatcher.php(89): Dispatcher->_invoke(Object(UsersController), Object(CakeRequest), Object(CakeResponse))
#4 C:\wamp\www\snippet\webroot\index.php(96): Dispatcher->dispatch(Object(CakeRequest), Object(CakeResponse))
#5 {main}
2012-01-23 17:49:27 Error: [NotFoundException] Invalid user
#0 [internal function]: UsersController->view('33')
#1 C:\wamp\cake\lib\Cake\Controller\Controller.php(473): ReflectionMethod->invokeArgs(Object(UsersController), Array)
#2 C:\wamp\cake\lib\Cake\Routing\Dispatcher.php(107): Controller->invokeAction(Object(CakeRequest))
#3 C:\wamp\cake\lib\Cake\Routing\Dispatcher.php(89): Dispatcher->_invoke(Object(UsersController), Object(CakeRequest), Object(CakeResponse))
#4 C:\wamp\www\snippet\webroot\index.php(96): Dispatcher->dispatch(Object(CakeRequest), Object(CakeResponse))
#5 {main}
2012-01-23 17:56:29 Error: [NotFoundException] Invalid user
#0 [internal function]: UsersController->view('33')
#1 C:\wamp\cake\lib\Cake\Controller\Controller.php(473): ReflectionMethod->invokeArgs(Object(UsersController), Array)
#2 C:\wamp\cake\lib\Cake\Routing\Dispatcher.php(107): Controller->invokeAction(Object(CakeRequest))
#3 C:\wamp\cake\lib\Cake\Routing\Dispatcher.php(89): Dispatcher->_invoke(Object(UsersController), Object(CakeRequest), Object(CakeResponse))
#4 C:\wamp\www\snippet\webroot\index.php(96): Dispatcher->dispatch(Object(CakeRequest), Object(CakeResponse))
#5 {main}
2012-01-23 19:06:11 Error: [MissingModelException] snippet
#0 C:\wamp\cake\lib\Cake\Controller\Controller.php(1025): PaginatorComponent->paginate('snippet', Array, Array)
#1 C:\wamp\www\snippet\Controller\SnippetsController.php(62): Controller->paginate('snippet', Array)
#2 [internal function]: SnippetsController->index()
#3 C:\wamp\cake\lib\Cake\Controller\Controller.php(473): ReflectionMethod->invokeArgs(Object(SnippetsController), Array)
#4 C:\wamp\cake\lib\Cake\Routing\Dispatcher.php(107): Controller->invokeAction(Object(CakeRequest))
#5 C:\wamp\cake\lib\Cake\Routing\Dispatcher.php(89): Dispatcher->_invoke(Object(SnippetsController), Object(CakeRequest), Object(CakeResponse))
#6 C:\wamp\www\snippet\webroot\index.php(96): Dispatcher->dispatch(Object(CakeRequest), Object(CakeResponse))
#7 {main}
2012-01-23 19:06:14 Error: [MissingModelException] snippet
#0 C:\wamp\cake\lib\Cake\Controller\Controller.php(1025): PaginatorComponent->paginate('snippet', Array, Array)
#1 C:\wamp\www\snippet\Controller\SnippetsController.php(62): Controller->paginate('snippet', Array)
#2 [internal function]: SnippetsController->index()
#3 C:\wamp\cake\lib\Cake\Controller\Controller.php(473): ReflectionMethod->invokeArgs(Object(SnippetsController), Array)
#4 C:\wamp\cake\lib\Cake\Routing\Dispatcher.php(107): Controller->invokeAction(Object(CakeRequest))
#5 C:\wamp\cake\lib\Cake\Routing\Dispatcher.php(89): Dispatcher->_invoke(Object(SnippetsController), Object(CakeRequest), Object(CakeResponse))
#6 C:\wamp\www\snippet\webroot\index.php(96): Dispatcher->dispatch(Object(CakeRequest), Object(CakeResponse))
#7 {main}
2012-01-23 19:06:16 Error: [MissingModelException] snippet
#0 C:\wamp\cake\lib\Cake\Controller\Controller.php(1025): PaginatorComponent->paginate('snippet', Array, Array)
#1 C:\wamp\www\snippet\Controller\SnippetsController.php(62): Controller->paginate('snippet', Array)
#2 [internal function]: SnippetsController->index()
#3 C:\wamp\cake\lib\Cake\Controller\Controller.php(473): ReflectionMethod->invokeArgs(Object(SnippetsController), Array)
#4 C:\wamp\cake\lib\Cake\Routing\Dispatcher.php(107): Controller->invokeAction(Object(CakeRequest))
#5 C:\wamp\cake\lib\Cake\Routing\Dispatcher.php(89): Dispatcher->_invoke(Object(SnippetsController), Object(CakeRequest), Object(CakeResponse))
#6 C:\wamp\www\snippet\webroot\index.php(96): Dispatcher->dispatch(Object(CakeRequest), Object(CakeResponse))
#7 {main}
2012-01-23 19:06:16 Error: [MissingModelException] snippet
#0 C:\wamp\cake\lib\Cake\Controller\Controller.php(1025): PaginatorComponent->paginate('snippet', Array, Array)
#1 C:\wamp\www\snippet\Controller\SnippetsController.php(62): Controller->paginate('snippet', Array)
#2 [internal function]: SnippetsController->index()
#3 C:\wamp\cake\lib\Cake\Controller\Controller.php(473): ReflectionMethod->invokeArgs(Object(SnippetsController), Array)
#4 C:\wamp\cake\lib\Cake\Routing\Dispatcher.php(107): Controller->invokeAction(Object(CakeRequest))
#5 C:\wamp\cake\lib\Cake\Routing\Dispatcher.php(89): Dispatcher->_invoke(Object(SnippetsController), Object(CakeRequest), Object(CakeResponse))
#6 C:\wamp\www\snippet\webroot\index.php(96): Dispatcher->dispatch(Object(CakeRequest), Object(CakeResponse))
#7 {main}
2012-01-23 19:06:16 Error: [MissingModelException] snippet
#0 C:\wamp\cake\lib\Cake\Controller\Controller.php(1025): PaginatorComponent->paginate('snippet', Array, Array)
#1 C:\wamp\www\snippet\Controller\SnippetsController.php(62): Controller->paginate('snippet', Array)
#2 [internal function]: SnippetsController->index()
#3 C:\wamp\cake\lib\Cake\Controller\Controller.php(473): ReflectionMethod->invokeArgs(Object(SnippetsController), Array)
#4 C:\wamp\cake\lib\Cake\Routing\Dispatcher.php(107): Controller->invokeAction(Object(CakeRequest))
#5 C:\wamp\cake\lib\Cake\Routing\Dispatcher.php(89): Dispatcher->_invoke(Object(SnippetsController), Object(CakeRequest), Object(CakeResponse))
#6 C:\wamp\www\snippet\webroot\index.php(96): Dispatcher->dispatch(Object(CakeRequest), Object(CakeResponse))
#7 {main}
2012-01-23 19:06:17 Error: [MissingModelException] snippet
#0 C:\wamp\cake\lib\Cake\Controller\Controller.php(1025): PaginatorComponent->paginate('snippet', Array, Array)
#1 C:\wamp\www\snippet\Controller\SnippetsController.php(62): Controller->paginate('snippet', Array)
#2 [internal function]: SnippetsController->index()
#3 C:\wamp\cake\lib\Cake\Controller\Controller.php(473): ReflectionMethod->invokeArgs(Object(SnippetsController), Array)
#4 C:\wamp\cake\lib\Cake\Routing\Dispatcher.php(107): Controller->invokeAction(Object(CakeRequest))
#5 C:\wamp\cake\lib\Cake\Routing\Dispatcher.php(89): Dispatcher->_invoke(Object(SnippetsController), Object(CakeRequest), Object(CakeResponse))
#6 C:\wamp\www\snippet\webroot\index.php(96): Dispatcher->dispatch(Object(CakeRequest), Object(CakeResponse))
#7 {main}
2012-01-23 19:56:09 Error: [MissingViewException] View file "C:\wamp\www\snippet\View\Users\delete.ctp" is missing.
#0 C:\wamp\cake\lib\Cake\View\View.php(363): View->_getViewFileName(NULL)
#1 C:\wamp\cake\lib\Cake\Controller\Controller.php(900): View->render(NULL, NULL)
#2 C:\wamp\cake\lib\Cake\Routing\Dispatcher.php(114): Controller->render()
#3 C:\wamp\cake\lib\Cake\Routing\Dispatcher.php(89): Dispatcher->_invoke(Object(UsersController), Object(CakeRequest), Object(CakeResponse))
#4 C:\wamp\www\snippet\webroot\index.php(96): Dispatcher->dispatch(Object(CakeRequest), Object(CakeResponse))
#5 {main}
2012-01-23 19:56:54 Error: [NotFoundException] Invalid user
#0 [internal function]: UsersController->delete('37')
#1 C:\wamp\cake\lib\Cake\Controller\Controller.php(473): ReflectionMethod->invokeArgs(Object(UsersController), Array)
#2 C:\wamp\cake\lib\Cake\Routing\Dispatcher.php(107): Controller->invokeAction(Object(CakeRequest))
#3 C:\wamp\cake\lib\Cake\Routing\Dispatcher.php(89): Dispatcher->_invoke(Object(UsersController), Object(CakeRequest), Object(CakeResponse))
#4 C:\wamp\www\snippet\webroot\index.php(96): Dispatcher->dispatch(Object(CakeRequest), Object(CakeResponse))
#5 {main}
2012-01-23 19:56:57 Error: [NotFoundException] Invalid user
#0 [internal function]: UsersController->delete('37')
#1 C:\wamp\cake\lib\Cake\Controller\Controller.php(473): ReflectionMethod->invokeArgs(Object(UsersController), Array)
#2 C:\wamp\cake\lib\Cake\Routing\Dispatcher.php(107): Controller->invokeAction(Object(CakeRequest))
#3 C:\wamp\cake\lib\Cake\Routing\Dispatcher.php(89): Dispatcher->_invoke(Object(UsersController), Object(CakeRequest), Object(CakeResponse))
#4 C:\wamp\www\snippet\webroot\index.php(96): Dispatcher->dispatch(Object(CakeRequest), Object(CakeResponse))
#5 {main}
2012-01-23 19:57:35 Error: [MissingViewException] View file "C:\wamp\www\snippet\View\Users\delete.ctp" is missing.
#0 C:\wamp\cake\lib\Cake\View\View.php(363): View->_getViewFileName(NULL)
#1 C:\wamp\cake\lib\Cake\Controller\Controller.php(900): View->render(NULL, NULL)
#2 C:\wamp\cake\lib\Cake\Routing\Dispatcher.php(114): Controller->render()
#3 C:\wamp\cake\lib\Cake\Routing\Dispatcher.php(89): Dispatcher->_invoke(Object(UsersController), Object(CakeRequest), Object(CakeResponse))
#4 C:\wamp\www\snippet\webroot\index.php(96): Dispatcher->dispatch(Object(CakeRequest), Object(CakeResponse))
#5 {main}
2012-01-23 19:58:16 Error: [NotFoundException] Invalid user
#0 [internal function]: UsersController->delete('38')
#1 C:\wamp\cake\lib\Cake\Controller\Controller.php(473): ReflectionMethod->invokeArgs(Object(UsersController), Array)
#2 C:\wamp\cake\lib\Cake\Routing\Dispatcher.php(107): Controller->invokeAction(Object(CakeRequest))
#3 C:\wamp\cake\lib\Cake\Routing\Dispatcher.php(89): Dispatcher->_invoke(Object(UsersController), Object(CakeRequest), Object(CakeResponse))
#4 C:\wamp\www\snippet\webroot\index.php(96): Dispatcher->dispatch(Object(CakeRequest), Object(CakeResponse))
#5 {main}
2012-01-23 20:03:09 Error: [NotFoundException] Invalid user
#0 C:\wamp\www\snippet\Controller\UsersController.php(142): UsersController->delete()
#1 [internal function]: UsersController->delete('40')
#2 C:\wamp\cake\lib\Cake\Controller\Controller.php(473): ReflectionMethod->invokeArgs(Object(UsersController), Array)
#3 C:\wamp\cake\lib\Cake\Routing\Dispatcher.php(107): Controller->invokeAction(Object(CakeRequest))
#4 C:\wamp\cake\lib\Cake\Routing\Dispatcher.php(89): Dispatcher->_invoke(Object(UsersController), Object(CakeRequest), Object(CakeResponse))
#5 C:\wamp\www\snippet\webroot\index.php(96): Dispatcher->dispatch(Object(CakeRequest), Object(CakeResponse))
#6 {main}
2012-01-23 20:04:45 Error: [NotFoundException] Invalid user
#0 C:\wamp\www\snippet\Controller\UsersController.php(142): UsersController->delete()
#1 [internal function]: UsersController->delete('40')
#2 C:\wamp\cake\lib\Cake\Controller\Controller.php(473): ReflectionMethod->invokeArgs(Object(UsersController), Array)
#3 C:\wamp\cake\lib\Cake\Routing\Dispatcher.php(107): Controller->invokeAction(Object(CakeRequest))
#4 C:\wamp\cake\lib\Cake\Routing\Dispatcher.php(89): Dispatcher->_invoke(Object(UsersController), Object(CakeRequest), Object(CakeResponse))
#5 C:\wamp\www\snippet\webroot\index.php(96): Dispatcher->dispatch(Object(CakeRequest), Object(CakeResponse))
#6 {main}
2012-01-23 20:05:02 Error: [NotFoundException] Invalid user
#0 C:\wamp\www\snippet\Controller\UsersController.php(142): UsersController->delete()
#1 [internal function]: UsersController->delete('40')
#2 C:\wamp\cake\lib\Cake\Controller\Controller.php(473): ReflectionMethod->invokeArgs(Object(UsersController), Array)
#3 C:\wamp\cake\lib\Cake\Routing\Dispatcher.php(107): Controller->invokeAction(Object(CakeRequest))
#4 C:\wamp\cake\lib\Cake\Routing\Dispatcher.php(89): Dispatcher->_invoke(Object(UsersController), Object(CakeRequest), Object(CakeResponse))
#5 C:\wamp\www\snippet\webroot\index.php(96): Dispatcher->dispatch(Object(CakeRequest), Object(CakeResponse))
#6 {main}
2012-01-23 20:07:56 Error: [MissingViewException] View file "C:\wamp\www\snippet\View\Users\delete.ctp" is missing.
#0 C:\wamp\cake\lib\Cake\View\View.php(363): View->_getViewFileName(NULL)
#1 C:\wamp\cake\lib\Cake\Controller\Controller.php(900): View->render(NULL, NULL)
#2 C:\wamp\cake\lib\Cake\Routing\Dispatcher.php(114): Controller->render()
#3 C:\wamp\cake\lib\Cake\Routing\Dispatcher.php(89): Dispatcher->_invoke(Object(UsersController), Object(CakeRequest), Object(CakeResponse))
#4 C:\wamp\www\snippet\webroot\index.php(96): Dispatcher->dispatch(Object(CakeRequest), Object(CakeResponse))
#5 {main}
2012-01-23 20:08:56 Error: [NotFoundException] Invalid user
#0 [internal function]: UsersController->delete('42')
#1 C:\wamp\cake\lib\Cake\Controller\Controller.php(473): ReflectionMethod->invokeArgs(Object(UsersController), Array)
#2 C:\wamp\cake\lib\Cake\Routing\Dispatcher.php(107): Controller->invokeAction(Object(CakeRequest))
#3 C:\wamp\cake\lib\Cake\Routing\Dispatcher.php(89): Dispatcher->_invoke(Object(UsersController), Object(CakeRequest), Object(CakeResponse))
#4 C:\wamp\www\snippet\webroot\index.php(96): Dispatcher->dispatch(Object(CakeRequest), Object(CakeResponse))
#5 {main}
2012-01-23 20:09:49 Error: [MissingViewException] View file "C:\wamp\www\snippet\View\Users\delete.ctp" is missing.
#0 C:\wamp\cake\lib\Cake\View\View.php(363): View->_getViewFileName(NULL)
#1 C:\wamp\cake\lib\Cake\Controller\Controller.php(900): View->render(NULL, NULL)
#2 C:\wamp\cake\lib\Cake\Routing\Dispatcher.php(114): Controller->render()
#3 C:\wamp\cake\lib\Cake\Routing\Dispatcher.php(89): Dispatcher->_invoke(Object(UsersController), Object(CakeRequest), Object(CakeResponse))
#4 C:\wamp\www\snippet\webroot\index.php(96): Dispatcher->dispatch(Object(CakeRequest), Object(CakeResponse))
#5 {main}
2012-01-23 20:10:52 Error: [NotFoundException] Invalid user
#0 [internal function]: UsersController->delete('43')
#1 C:\wamp\cake\lib\Cake\Controller\Controller.php(473): ReflectionMethod->invokeArgs(Object(UsersController), Array)
#2 C:\wamp\cake\lib\Cake\Routing\Dispatcher.php(107): Controller->invokeAction(Object(CakeRequest))
#3 C:\wamp\cake\lib\Cake\Routing\Dispatcher.php(89): Dispatcher->_invoke(Object(UsersController), Object(CakeRequest), Object(CakeResponse))
#4 C:\wamp\www\snippet\webroot\index.php(96): Dispatcher->dispatch(Object(CakeRequest), Object(CakeResponse))
#5 {main}
2012-01-23 21:46:04 Error: [MissingControllerException] Controller class TestController could not be found.
#0 C:\wamp\www\snippet\webroot\index.php(96): Dispatcher->dispatch(Object(CakeRequest), Object(CakeResponse))
#1 {main}
2012-01-24 09:42:27 Error: [NotFoundException] Invalid comment
#0 [internal function]: CommentsController->view()
#1 C:\wamp\cake\lib\Cake\Controller\Controller.php(473): ReflectionMethod->invokeArgs(Object(CommentsController), Array)
#2 C:\wamp\cake\lib\Cake\Routing\Dispatcher.php(107): Controller->invokeAction(Object(CakeRequest))
#3 C:\wamp\cake\lib\Cake\Routing\Dispatcher.php(89): Dispatcher->_invoke(Object(CommentsController), Object(CakeRequest), Object(CakeResponse))
#4 C:\wamp\www\snippet\webroot\index.php(96): Dispatcher->dispatch(Object(CakeRequest), Object(CakeResponse))
#5 {main}
2012-01-24 09:42:48 Error: [NotFoundException] Invalid comment
#0 [internal function]: CommentsController->view()
#1 C:\wamp\cake\lib\Cake\Controller\Controller.php(473): ReflectionMethod->invokeArgs(Object(CommentsController), Array)
#2 C:\wamp\cake\lib\Cake\Routing\Dispatcher.php(107): Controller->invokeAction(Object(CakeRequest))
#3 C:\wamp\cake\lib\Cake\Routing\Dispatcher.php(89): Dispatcher->_invoke(Object(CommentsController), Object(CakeRequest), Object(CakeResponse))
#4 C:\wamp\www\snippet\webroot\index.php(96): Dispatcher->dispatch(Object(CakeRequest), Object(CakeResponse))
#5 {main}
2012-01-24 09:43:28 Error: [NotFoundException] Invalid comment
#0 [internal function]: CommentsController->view()
#1 C:\wamp\cake\lib\Cake\Controller\Controller.php(473): ReflectionMethod->invokeArgs(Object(CommentsController), Array)
#2 C:\wamp\cake\lib\Cake\Routing\Dispatcher.php(107): Controller->invokeAction(Object(CakeRequest))
#3 C:\wamp\cake\lib\Cake\Routing\Dispatcher.php(89): Dispatcher->_invoke(Object(CommentsController), Object(CakeRequest), Object(CakeResponse))
#4 C:\wamp\www\snippet\webroot\index.php(96): Dispatcher->dispatch(Object(CakeRequest), Object(CakeResponse))
#5 {main}
2012-01-24 09:43:46 Error: [NotFoundException] Invalid comment
#0 [internal function]: CommentsController->view()
#1 C:\wamp\cake\lib\Cake\Controller\Controller.php(473): ReflectionMethod->invokeArgs(Object(CommentsController), Array)
#2 C:\wamp\cake\lib\Cake\Routing\Dispatcher.php(107): Controller->invokeAction(Object(CakeRequest))
#3 C:\wamp\cake\lib\Cake\Routing\Dispatcher.php(89): Dispatcher->_invoke(Object(CommentsController), Object(CakeRequest), Object(CakeResponse))
#4 C:\wamp\www\snippet\webroot\index.php(96): Dispatcher->dispatch(Object(CakeRequest), Object(CakeResponse))
#5 {main}
2012-01-24 09:44:26 Error: [NotFoundException] Invalid comment
#0 [internal function]: CommentsController->view()
#1 C:\wamp\cake\lib\Cake\Controller\Controller.php(473): ReflectionMethod->invokeArgs(Object(CommentsController), Array)
#2 C:\wamp\cake\lib\Cake\Routing\Dispatcher.php(107): Controller->invokeAction(Object(CakeRequest))
#3 C:\wamp\cake\lib\Cake\Routing\Dispatcher.php(89): Dispatcher->_invoke(Object(CommentsController), Object(CakeRequest), Object(CakeResponse))
#4 C:\wamp\www\snippet\webroot\index.php(96): Dispatcher->dispatch(Object(CakeRequest), Object(CakeResponse))
#5 {main}
